2025-05-02 22:31:56,256 - TimeTracker - ERROR - Ошибка при получении списка приложений: 404 Client Error: Not Found for url: http://localhost:8000/api/tracked-apps/active_apps/
2025-05-02 22:31:56,266 - TimeTracker - ERROR - Ошибка в процессе отправки данных: SQLite objects created in a thread can only be used in that same thread. The object was created in thread id 15736 and this is thread id 6344.
2025-05-02 22:36:57,111 - TimeTracker - ERROR - Ошибка при получении списка приложений: HTTPConnectionPool(host='localhost', port=8000): Max retries exceeded with url: /api/tracked-apps/active_apps/ (Caused by NewConnectionError('<urllib3.connection.HTTPConnection object at 0x0000020053C6B8C0>: Failed to establish a new connection: [WinError 10061] Подключение не установлено, т.к. конечный компьютер отверг запрос на подключение'))
2025-05-02 22:36:57,116 - TimeTracker - ERROR - Ошибка в процессе отправки данных: SQLite objects created in a thread can only be used in that same thread. The object was created in thread id 12808 and this is thread id 4564.
2025-05-02 22:41:14,750 - TimeTracker - ERROR - Ошибка при получении списка приложений: HTTPConnectionPool(host='localhost', port=8000): Max retries exceeded with url: /api/tracked-apps/active_apps/ (Caused by NewConnectionError('<urllib3.connection.HTTPConnection object at 0x0000026271DCB8C0>: Failed to establish a new connection: [WinError 10061] Подключение не установлено, т.к. конечный компьютер отверг запрос на подключение'))
2025-05-02 22:41:14,752 - TimeTracker - ERROR - Ошибка в процессе отправки данных: SQLite objects created in a thread can only be used in that same thread. The object was created in thread id 13052 and this is thread id 3620.
2025-05-02 22:54:57,131 - TimeTracker - ERROR - Ошибка при получении списка приложений: HTTPConnectionPool(host='localhost', port=8000): Max retries exceeded with url: /api/tracked-apps/active_apps/ (Caused by NewConnectionError('<urllib3.connection.HTTPConnection object at 0x000001C9E20BB8C0>: Failed to establish a new connection: [WinError 10061] Подключение не установлено, т.к. конечный компьютер отверг запрос на подключение'))
2025-05-02 22:54:57,133 - TimeTracker - ERROR - Ошибка в процессе отправки данных: SQLite objects created in a thread can only be used in that same thread. The object was created in thread id 10764 and this is thread id 13760.
2025-05-02 22:55:09,198 - TimeTracker - INFO - Отслеживание активности запущено
2025-05-02 22:55:09,199 - TimeTracker - ERROR - Ошибка при получении активного окна: process PID not found (pid=4063734)
2025-05-02 22:55:10,200 - TimeTracker - ERROR - Ошибка при получении активного окна: process PID not found (pid=4063734)
2025-05-02 22:55:11,201 - TimeTracker - ERROR - Ошибка при получении активного окна: process PID not found (pid=132198)
2025-05-02 22:55:12,202 - TimeTracker - ERROR - Ошибка при получении активного окна: process PID not found (pid=132198)
2025-05-02 22:55:13,203 - TimeTracker - ERROR - Ошибка при получении активного окна: process PID not found (pid=132198)
2025-05-02 22:55:14,204 - TimeTracker - ERROR - Ошибка при получении активного окна: process PID not found (pid=132198)
2025-05-02 22:55:15,204 - TimeTracker - ERROR - Ошибка при получении активного окна: process PID not found (pid=4063734)
2025-05-02 22:55:16,205 - TimeTracker - ERROR - Ошибка при получении активного окна: process PID not found (pid=4063734)
2025-05-02 22:55:16,581 - TimeTracker - INFO - Отслеживание активности остановлено
2025-05-02 22:55:57,141 - TimeTracker - ERROR - Ошибка в процессе отправки данных: SQLite objects created in a thread can only be used in that same thread. The object was created in thread id 10764 and this is thread id 13760.
2025-05-02 22:56:57,142 - TimeTracker - ERROR - Ошибка в процессе отправки данных: SQLite objects created in a thread can only be used in that same thread. The object was created in thread id 10764 and this is thread id 13760.
2025-05-02 22:57:57,143 - TimeTracker - ERROR - Ошибка в процессе отправки данных: SQLite objects created in a thread can only be used in that same thread. The object was created in thread id 10764 and this is thread id 13760.
2025-05-02 22:58:57,144 - TimeTracker - ERROR - Ошибка в процессе отправки данных: SQLite objects created in a thread can only be used in that same thread. The object was created in thread id 10764 and this is thread id 13760.
2025-05-02 22:59:57,145 - TimeTracker - ERROR - Ошибка в процессе отправки данных: SQLite objects created in a thread can only be used in that same thread. The object was created in thread id 10764 and this is thread id 13760.
2025-05-02 23:00:57,146 - TimeTracker - ERROR - Ошибка в процессе отправки данных: SQLite objects created in a thread can only be used in that same thread. The object was created in thread id 10764 and this is thread id 13760.
2025-05-02 23:01:57,147 - TimeTracker - ERROR - Ошибка в процессе отправки данных: SQLite objects created in a thread can only be used in that same thread. The object was created in thread id 10764 and this is thread id 13760.
2025-05-02 23:02:57,147 - TimeTracker - ERROR - Ошибка в процессе отправки данных: SQLite objects created in a thread can only be used in that same thread. The object was created in thread id 10764 and this is thread id 13760.
2025-05-02 23:03:57,148 - TimeTracker - ERROR - Ошибка в процессе отправки данных: SQLite objects created in a thread can only be used in that same thread. The object was created in thread id 10764 and this is thread id 13760.
2025-05-02 23:04:57,149 - TimeTracker - ERROR - Ошибка в процессе отправки данных: SQLite objects created in a thread can only be used in that same thread. The object was created in thread id 10764 and this is thread id 13760.
2025-05-02 23:05:57,150 - TimeTracker - ERROR - Ошибка в процессе отправки данных: SQLite objects created in a thread can only be used in that same thread. The object was created in thread id 10764 and this is thread id 13760.
2025-05-02 23:06:57,151 - TimeTracker - ERROR - Ошибка в процессе отправки данных: SQLite objects created in a thread can only be used in that same thread. The object was created in thread id 10764 and this is thread id 13760.
2025-05-02 23:07:57,151 - TimeTracker - ERROR - Ошибка в процессе отправки данных: SQLite objects created in a thread can only be used in that same thread. The object was created in thread id 10764 and this is thread id 13760.
2025-05-02 23:08:57,152 - TimeTracker - ERROR - Ошибка в процессе отправки данных: SQLite objects created in a thread can only be used in that same thread. The object was created in thread id 10764 and this is thread id 13760.
2025-05-02 23:09:57,153 - TimeTracker - ERROR - Ошибка в процессе отправки данных: SQLite objects created in a thread can only be used in that same thread. The object was created in thread id 10764 and this is thread id 13760.
2025-05-02 23:10:57,153 - TimeTracker - ERROR - Ошибка в процессе отправки данных: SQLite objects created in a thread can only be used in that same thread. The object was created in thread id 10764 and this is thread id 13760.
2025-05-02 23:11:57,155 - TimeTracker - ERROR - Ошибка в процессе отправки данных: SQLite objects created in a thread can only be used in that same thread. The object was created in thread id 10764 and this is thread id 13760.
2025-05-02 23:12:57,156 - TimeTracker - ERROR - Ошибка в процессе отправки данных: SQLite objects created in a thread can only be used in that same thread. The object was created in thread id 10764 and this is thread id 13760.
2025-05-02 23:13:57,156 - TimeTracker - ERROR - Ошибка в процессе отправки данных: SQLite objects created in a thread can only be used in that same thread. The object was created in thread id 10764 and this is thread id 13760.
2025-05-02 23:14:57,157 - TimeTracker - ERROR - Ошибка в процессе отправки данных: SQLite objects created in a thread can only be used in that same thread. The object was created in thread id 10764 and this is thread id 13760.
2025-05-02 23:15:57,157 - TimeTracker - ERROR - Ошибка в процессе отправки данных: SQLite objects created in a thread can only be used in that same thread. The object was created in thread id 10764 and this is thread id 13760.
2025-05-02 23:16:57,158 - TimeTracker - ERROR - Ошибка в процессе отправки данных: SQLite objects created in a thread can only be used in that same thread. The object was created in thread id 10764 and this is thread id 13760.
2025-05-02 23:17:57,160 - TimeTracker - ERROR - Ошибка в процессе отправки данных: SQLite objects created in a thread can only be used in that same thread. The object was created in thread id 10764 and this is thread id 13760.
2025-05-02 23:18:57,161 - TimeTracker - ERROR - Ошибка в процессе отправки данных: SQLite objects created in a thread can only be used in that same thread. The object was created in thread id 10764 and this is thread id 13760.
2025-05-02 23:19:57,162 - TimeTracker - ERROR - Ошибка в процессе отправки данных: SQLite objects created in a thread can only be used in that same thread. The object was created in thread id 10764 and this is thread id 13760.
2025-05-02 23:20:57,163 - TimeTracker - ERROR - Ошибка в процессе отправки данных: SQLite objects created in a thread can only be used in that same thread. The object was created in thread id 10764 and this is thread id 13760.
2025-05-02 23:25:40,908 - TimeTracker - ERROR - Ошибка в процессе отправки данных: SQLite objects created in a thread can only be used in that same thread. The object was created in thread id 10764 and this is thread id 13760.
2025-05-02 23:26:40,909 - TimeTracker - ERROR - Ошибка в процессе отправки данных: SQLite objects created in a thread can only be used in that same thread. The object was created in thread id 10764 and this is thread id 13760.
2025-05-02 23:27:40,910 - TimeTracker - ERROR - Ошибка в процессе отправки данных: SQLite objects created in a thread can only be used in that same thread. The object was created in thread id 10764 and this is thread id 13760.
2025-05-02 23:28:40,910 - TimeTracker - ERROR - Ошибка в процессе отправки данных: SQLite objects created in a thread can only be used in that same thread. The object was created in thread id 10764 and this is thread id 13760.
2025-05-02 23:29:40,911 - TimeTracker - ERROR - Ошибка в процессе отправки данных: SQLite objects created in a thread can only be used in that same thread. The object was created in thread id 10764 and this is thread id 13760.
2025-05-03 00:02:45,904 - TimeTracker - ERROR - Ошибка в процессе отправки данных: SQLite objects created in a thread can only be used in that same thread. The object was created in thread id 10764 and this is thread id 13760.
2025-05-03 00:03:45,906 - TimeTracker - ERROR - Ошибка в процессе отправки данных: SQLite objects created in a thread can only be used in that same thread. The object was created in thread id 10764 and this is thread id 13760.
2025-05-03 00:04:45,906 - TimeTracker - ERROR - Ошибка в процессе отправки данных: SQLite objects created in a thread can only be used in that same thread. The object was created in thread id 10764 and this is thread id 13760.
2025-05-03 00:05:45,907 - TimeTracker - ERROR - Ошибка в процессе отправки данных: SQLite objects created in a thread can only be used in that same thread. The object was created in thread id 10764 and this is thread id 13760.
2025-05-03 00:06:45,908 - TimeTracker - ERROR - Ошибка в процессе отправки данных: SQLite objects created in a thread can only be used in that same thread. The object was created in thread id 10764 and this is thread id 13760.
2025-05-03 00:07:45,909 - TimeTracker - ERROR - Ошибка в процессе отправки данных: SQLite objects created in a thread can only be used in that same thread. The object was created in thread id 10764 and this is thread id 13760.
2025-05-03 00:08:45,910 - TimeTracker - ERROR - Ошибка в процессе отправки данных: SQLite objects created in a thread can only be used in that same thread. The object was created in thread id 10764 and this is thread id 13760.
2025-05-03 01:06:45,526 - TimeTracker - ERROR - Ошибка в процессе отправки данных: SQLite objects created in a thread can only be used in that same thread. The object was created in thread id 10764 and this is thread id 13760.
2025-05-03 01:07:45,528 - TimeTracker - ERROR - Ошибка в процессе отправки данных: SQLite objects created in a thread can only be used in that same thread. The object was created in thread id 10764 and this is thread id 13760.
2025-05-03 01:08:45,529 - TimeTracker - ERROR - Ошибка в процессе отправки данных: SQLite objects created in a thread can only be used in that same thread. The object was created in thread id 10764 and this is thread id 13760.
2025-05-03 01:09:45,529 - TimeTracker - ERROR - Ошибка в процессе отправки данных: SQLite objects created in a thread can only be used in that same thread. The object was created in thread id 10764 and this is thread id 13760.
2025-05-03 01:10:45,530 - TimeTracker - ERROR - Ошибка в процессе отправки данных: SQLite objects created in a thread can only be used in that same thread. The object was created in thread id 10764 and this is thread id 13760.
