2025-05-10 04:00:06,667 - TimeTracker - INFO - Отправка активности: start_time=2025-05-10T00:59:56.771596Z, end_time=2025-05-10T00:59:58.774389Z, длительность=2.002793 секунд
2025-05-10 04:00:06,669 - TimeTracker - INFO - Отправка 1 записей активности на сервер.
2025-05-10 04:00:06,669 - TimeTracker - INFO - API URL: http://46.173.26.149:8000/api/activities/, Токен: eyJhbGciOi...
2025-05-10 04:00:06,670 - TimeTracker - INFO - Отправляем пайлоад: {'application': 114, 'title': 'Главная - Time Tracker - Google Chrome', 'start_time': '2025-05-10T00:59:56.771596Z', 'end_time': '2025-05-10T00:59:58.774389Z', 'is_productive': False, 'app_name': 'chrome.exe', 'keyboard_presses': 17}
2025-05-10 04:00:06,921 - TimeTracker - INFO - Успешно отправлено: 201 - {"id":1686,"user":3,"application":115,"start_time":"2025-05-10T03:59:56.771596+03:00","end_time":"2025-05-10T03:59:58.774389+03:00","duration":"00:00:02.002793","keyboard_presses":17}
2025-05-10 04:00:06,922 - TimeTracker - INFO - Успешно отправлено 1 записей активности.
2025-05-10 04:00:07,828 - TimeTracker - INFO - Добавлено 0 нажатий клавиш в активность
2025-05-10 04:00:07,829 - TimeTracker - INFO - Завершена сессия активности: App='chrome.exe', Title='Tracker33 - Google Chrome, Duration=9s. В очереди: 1
2025-05-10 04:00:07,831 - TimeTracker - INFO - Начата новая сессия активности: App='chrome.exe', Title='найдите майкла dying light 2 -...'
2025-05-10 04:00:09,577 - TimeTracker - INFO - Проверка соединения: успешно
2025-05-10 04:00:12,430 - TimeTracker - INFO - Обновлен список приложений: 122 процессов
2025-05-10 04:00:16,668 - TimeTracker - INFO - Вычисленная длительность: 9.053362 секунд
2025-05-10 04:00:16,669 - TimeTracker - INFO - Для приложения chrome.exe выбран ID=114
2025-05-10 04:00:16,669 - TimeTracker - INFO - Отправка активности: start_time=2025-05-10T00:59:58.775850Z, end_time=2025-05-10T01:00:07.829212Z, длительность=9.053362 секунд
2025-05-10 04:00:16,669 - TimeTracker - INFO - Отправка 1 записей активности на сервер.
2025-05-10 04:00:16,670 - TimeTracker - INFO - API URL: http://46.173.26.149:8000/api/activities/, Токен: eyJhbGciOi...
2025-05-10 04:00:16,670 - TimeTracker - INFO - Отправляем пайлоад: {'application': 114, 'title': 'Tracker33 - Google Chrome', 'start_time': '2025-05-10T00:59:58.775850Z', 'end_time': '2025-05-10T01:00:07.829212Z', 'is_productive': False, 'app_name': 'chrome.exe', 'keyboard_presses': 0}
2025-05-10 04:00:16,821 - TimeTracker - INFO - Успешно отправлено: 201 - {"id":1687,"user":3,"application":115,"start_time":"2025-05-10T03:59:58.775850+03:00","end_time":"2025-05-10T04:00:07.829212+03:00","duration":"00:00:09.053362","keyboard_presses":0}
2025-05-10 04:00:16,822 - TimeTracker - INFO - Успешно отправлено 1 записей активности.
2025-05-10 04:00:21,732 - TimeTracker - INFO - Обновлен список приложений: 123 процессов
2025-05-10 04:00:22,183 - TimeTracker - INFO - Добавлено 0 нажатий клавиш в активность
2025-05-10 04:00:22,183 - TimeTracker - INFO - Завершена сессия активности: App='chrome.exe', Title='найдите майкла dying light 2 -..., Duration=14s. В очереди: 1
2025-05-10 04:00:22,185 - TimeTracker - INFO - Начата новая сессия активности: App='chrome.exe', Title='Сообщество Steam :: Руководств...'
2025-05-10 04:00:24,189 - TimeTracker - INFO - Добавлено 0 нажатий клавиш в активность
2025-05-10 04:00:24,190 - TimeTracker - INFO - Завершена сессия активности: App='chrome.exe', Title='Сообщество Steam :: Руководств..., Duration=2s. В очереди: 2
2025-05-10 04:00:24,196 - TimeTracker - INFO - Начата новая сессия активности: App='chrome.exe', Title='найдите майкла dying light 2 -...'
2025-05-10 04:00:26,662 - TimeTracker - INFO - Вычисленная длительность: 14.352546 секунд
2025-05-10 04:00:26,663 - TimeTracker - INFO - Для приложения chrome.exe выбран ID=114
2025-05-10 04:00:26,665 - TimeTracker - INFO - Отправка активности: start_time=2025-05-10T01:00:07.831073Z, end_time=2025-05-10T01:00:22.183619Z, длительность=14.352546 секунд
2025-05-10 04:00:26,665 - TimeTracker - INFO - Вычисленная длительность: 2.005287 секунд
2025-05-10 04:00:26,666 - TimeTracker - INFO - Для приложения chrome.exe выбран ID=114
2025-05-10 04:00:26,666 - TimeTracker - INFO - Отправка активности: start_time=2025-05-10T01:00:22.184691Z, end_time=2025-05-10T01:00:24.189978Z, длительность=2.005287 секунд
2025-05-10 04:00:26,667 - TimeTracker - INFO - Отправка 2 записей активности на сервер.
2025-05-10 04:00:26,667 - TimeTracker - INFO - API URL: http://46.173.26.149:8000/api/activities/, Токен: eyJhbGciOi...
2025-05-10 04:00:26,668 - TimeTracker - INFO - Отправляем пайлоад: {'application': 114, 'title': 'найдите майкла dying light 2 - Поиск в Google - Google Chrome', 'start_time': '2025-05-10T01:00:07.831073Z', 'end_time': '2025-05-10T01:00:22.183619Z', 'is_productive': False, 'app_name': 'chrome.exe', 'keyboard_presses': 0}
2025-05-10 04:00:26,859 - TimeTracker - INFO - Успешно отправлено: 201 - {"id":1688,"user":3,"application":115,"start_time":"2025-05-10T04:00:07.831073+03:00","end_time":"2025-05-10T04:00:22.183619+03:00","duration":"00:00:14.352546","keyboard_presses":0}
2025-05-10 04:00:26,859 - TimeTracker - INFO - Отправляем пайлоад: {'application': 114, 'title': 'Сообщество Steam :: Руководство :: Как найти Толгу и Фатина? - Google Chrome', 'start_time': '2025-05-10T01:00:22.184691Z', 'end_time': '2025-05-10T01:00:24.189978Z', 'is_productive': False, 'app_name': 'chrome.exe', 'keyboard_presses': 0}
2025-05-10 04:00:26,999 - TimeTracker - INFO - Успешно отправлено: 201 - {"id":1689,"user":3,"application":115,"start_time":"2025-05-10T04:00:22.184691+03:00","end_time":"2025-05-10T04:00:24.189978+03:00","duration":"00:00:02.005287","keyboard_presses":0}
2025-05-10 04:00:26,999 - TimeTracker - INFO - Успешно отправлено 2 записей активности.
2025-05-10 04:00:31,299 - TimeTracker - INFO - Добавлено 2 нажатий клавиш в активность
2025-05-10 04:00:31,456 - TimeTracker - INFO - Завершена сессия активности: App='chrome.exe', Title='найдите майкла dying light 2 -..., Duration=7s. В очереди: 1
2025-05-10 04:00:31,605 - TimeTracker - INFO - Начата новая сессия активности: App='Cursor.exe', Title='Cursor Settings - Tracker33 - ...'
2025-05-10 04:00:32,599 - TimeTracker - INFO - Обновлен список приложений: 122 процессов
2025-05-10 04:00:32,688 - TimeTracker - INFO - Добавлено 2 нажатий клавиш в активность
2025-05-10 04:00:32,689 - TimeTracker - INFO - Завершена сессия активности: App='Cursor.exe', Title='Cursor Settings - Tracker33 - ..., Duration=1s. В очереди: 2
2025-05-10 04:00:33,693 - TimeTracker - INFO - Начата новая сессия активности: App='DyingLightGame_x64_rwdi.exe', Title='Dying Light 2'
2025-05-10 04:00:36,664 - TimeTracker - INFO - Вычисленная длительность: 7.262038 секунд
2025-05-10 04:00:36,665 - TimeTracker - INFO - Для приложения chrome.exe выбран ID=114
2025-05-10 04:00:36,665 - TimeTracker - INFO - Отправка активности: start_time=2025-05-10T01:00:24.194038Z, end_time=2025-05-10T01:00:31.456076Z, длительность=7.262038 секунд
2025-05-10 04:00:36,665 - TimeTracker - INFO - Вычисленная длительность: 1.103092 секунд
2025-05-10 04:00:36,665 - TimeTracker - INFO - Для приложения Cursor.exe выбран ID=116
2025-05-10 04:00:36,666 - TimeTracker - INFO - Отправка активности: start_time=2025-05-10T01:00:31.586292Z, end_time=2025-05-10T01:00:32.689384Z, длительность=1.103092 секунд
2025-05-10 04:00:36,666 - TimeTracker - INFO - Отправка 2 записей активности на сервер.
2025-05-10 04:00:36,666 - TimeTracker - INFO - API URL: http://46.173.26.149:8000/api/activities/, Токен: eyJhbGciOi...
2025-05-10 04:00:36,666 - TimeTracker - INFO - Отправляем пайлоад: {'application': 114, 'title': 'найдите майкла dying light 2 - Поиск в Google - Google Chrome', 'start_time': '2025-05-10T01:00:24.194038Z', 'end_time': '2025-05-10T01:00:31.456076Z', 'is_productive': False, 'app_name': 'chrome.exe', 'keyboard_presses': 2}
2025-05-10 04:00:36,909 - TimeTracker - INFO - Успешно отправлено: 201 - {"id":1690,"user":3,"application":115,"start_time":"2025-05-10T04:00:24.194038+03:00","end_time":"2025-05-10T04:00:31.456076+03:00","duration":"00:00:07.262038","keyboard_presses":2}
2025-05-10 04:00:36,910 - TimeTracker - INFO - Отправляем пайлоад: {'application': 116, 'title': 'Cursor Settings - Tracker33 - Cursor', 'start_time': '2025-05-10T01:00:31.586292Z', 'end_time': '2025-05-10T01:00:32.689384Z', 'is_productive': True, 'app_name': 'Cursor.exe', 'keyboard_presses': 2}
2025-05-10 04:00:37,066 - TimeTracker - INFO - Успешно отправлено: 201 - {"id":1691,"user":3,"application":117,"start_time":"2025-05-10T04:00:31.586292+03:00","end_time":"2025-05-10T04:00:32.689384+03:00","duration":"00:00:01.103092","keyboard_presses":2}
2025-05-10 04:00:37,067 - TimeTracker - INFO - Успешно отправлено 2 записей активности.
2025-05-10 04:00:39,582 - TimeTracker - INFO - Проверка соединения: успешно
2025-05-10 04:00:42,463 - TimeTracker - INFO - Обновлен список приложений: 122 процессов
2025-05-10 04:00:52,957 - TimeTracker - INFO - Обновлен список приложений: 122 процессов
2025-05-10 04:00:57,954 - TimeTracker - INFO - Добавлено 73 нажатий клавиш в активность
2025-05-10 04:00:57,954 - TimeTracker - INFO - Завершена сессия активности: App='DyingLightGame_x64_rwdi.exe', Title='Dying Light 2, Duration=24s. В очереди: 1
2025-05-10 04:00:57,965 - TimeTracker - INFO - Начата новая сессия активности: App='PickerHost.exe', Title='Безопасность Windows'
2025-05-10 04:01:01,070 - TimeTracker - INFO - Добавлено 3 нажатий клавиш в активность
2025-05-10 04:01:01,288 - TimeTracker - INFO - Завершена сессия активности: App='PickerHost.exe', Title='Безопасность Windows, Duration=3s. В очереди: 2
2025-05-10 04:01:01,376 - TimeTracker - INFO - Начата новая сессия активности: App='DyingLightGame_x64_rwdi.exe', Title='Dying Light 2'
2025-05-10 04:01:03,019 - TimeTracker - INFO - Обновлен список приложений: 122 процессов
2025-05-10 04:01:03,518 - TimeTracker - INFO - Добавлено 4 нажатий клавиш в активность
2025-05-10 04:01:03,520 - TimeTracker - INFO - Завершена сессия активности: App='DyingLightGame_x64_rwdi.exe', Title='Dying Light 2, Duration=2s. В очереди: 3
2025-05-10 04:01:03,547 - TimeTracker - INFO - Начата новая сессия активности: App='Cursor.exe', Title='Cursor Settings - Tracker33 - ...'
2025-05-10 04:01:06,673 - TimeTracker - INFO - Вычисленная длительность: 24.263298 секунд
2025-05-10 04:01:06,673 - TimeTracker - INFO - Для приложения DyingLightGame_x64_rwdi.exe выбран ID=124
2025-05-10 04:01:06,673 - TimeTracker - INFO - Отправка активности: start_time=2025-05-10T01:00:33.691547Z, end_time=2025-05-10T01:00:57.954845Z, длительность=24.263298 секунд
2025-05-10 04:01:06,674 - TimeTracker - INFO - Вычисленная длительность: 3.329687 секунд
2025-05-10 04:01:06,674 - TimeTracker - INFO - Отправляем запрос на создание приложения: http://46.173.26.149:8000/api/applications/
2025-05-10 04:01:06,934 - TimeTracker - INFO - Создано новое приложение: PickerHost.exe с ID=126
2025-05-10 04:01:06,934 - TimeTracker - INFO - Для приложения PickerHost.exe выбран ID=126
2025-05-10 04:01:06,935 - TimeTracker - INFO - Отправка активности: start_time=2025-05-10T01:00:57.959153Z, end_time=2025-05-10T01:01:01.288840Z, длительность=3.329687 секунд
2025-05-10 04:01:06,935 - TimeTracker - INFO - Вычисленная длительность: 2.144242 секунд
2025-05-10 04:01:06,935 - TimeTracker - INFO - Для приложения DyingLightGame_x64_rwdi.exe выбран ID=124
2025-05-10 04:01:06,935 - TimeTracker - INFO - Отправка активности: start_time=2025-05-10T01:01:01.375428Z, end_time=2025-05-10T01:01:03.519670Z, длительность=2.144242 секунд
2025-05-10 04:01:06,936 - TimeTracker - INFO - Отправка 3 записей активности на сервер.
2025-05-10 04:01:06,936 - TimeTracker - INFO - API URL: http://46.173.26.149:8000/api/activities/, Токен: eyJhbGciOi...
2025-05-10 04:01:06,936 - TimeTracker - INFO - Отправляем пайлоад: {'application': 124, 'title': 'Dying Light 2', 'start_time': '2025-05-10T01:00:33.691547Z', 'end_time': '2025-05-10T01:00:57.954845Z', 'is_productive': False, 'app_name': 'DyingLightGame_x64_rwdi.exe', 'keyboard_presses': 73}
2025-05-10 04:01:07,101 - TimeTracker - INFO - Успешно отправлено: 201 - {"id":1692,"user":3,"application":125,"start_time":"2025-05-10T04:00:33.691547+03:00","end_time":"2025-05-10T04:00:57.954845+03:00","duration":"00:00:24.263298","keyboard_presses":73}
2025-05-10 04:01:07,101 - TimeTracker - INFO - Отправляем пайлоад: {'application': 126, 'title': 'Безопасность Windows', 'start_time': '2025-05-10T01:00:57.959153Z', 'end_time': '2025-05-10T01:01:01.288840Z', 'is_productive': False, 'app_name': 'PickerHost.exe', 'keyboard_presses': 3}
2025-05-10 04:01:07,256 - TimeTracker - INFO - Успешно отправлено: 201 - {"id":1693,"user":3,"application":127,"start_time":"2025-05-10T04:00:57.959153+03:00","end_time":"2025-05-10T04:01:01.288840+03:00","duration":"00:00:03.329687","keyboard_presses":3}
2025-05-10 04:01:07,257 - TimeTracker - INFO - Отправляем пайлоад: {'application': 124, 'title': 'Dying Light 2', 'start_time': '2025-05-10T01:01:01.375428Z', 'end_time': '2025-05-10T01:01:03.519670Z', 'is_productive': False, 'app_name': 'DyingLightGame_x64_rwdi.exe', 'keyboard_presses': 4}
2025-05-10 04:01:07,411 - TimeTracker - INFO - Успешно отправлено: 201 - {"id":1694,"user":3,"application":125,"start_time":"2025-05-10T04:01:01.375428+03:00","end_time":"2025-05-10T04:01:03.519670+03:00","duration":"00:00:02.144242","keyboard_presses":4}
2025-05-10 04:01:07,411 - TimeTracker - INFO - Успешно отправлено 3 записей активности.
2025-05-10 04:01:09,543 - TimeTracker - INFO - Проверка соединения: успешно
2025-05-10 04:01:12,002 - TimeTracker - INFO - Обновлен список приложений: 122 процессов
