{"message": "{\"timestamp\": \"2025-05-04T02:28:52.684152\", \"view_name\": \"landing\", \"response_time\": 0.05361795425415039, \"status_code\": 302}"}
{"message": "{\"timestamp\": \"2025-05-04T02:28:54.960920\", \"view_name\": \"dashboard\", \"response_time\": 2.253110647201538, \"status_code\": 500}"}
{"message": "{\"timestamp\": \"2025-05-04T02:29:00.172852\", \"view_name\": \"dashboard\", \"response_time\": 2.081835985183716, \"status_code\": 500}"}
{"message": "{\"timestamp\": \"2025-05-04T02:30:54.779614\", \"view_name\": \"landing\", \"response_time\": 0.05073142051696777, \"status_code\": 302}"}
{"message": "{\"timestamp\": \"2025-05-04T02:30:54.923037\", \"view_name\": \"dashboard\", \"response_time\": 0.11861157417297363, \"status_code\": 500}"}
{"message": "{\"timestamp\": \"2025-05-04T02:31:55.782889\", \"view_name\": \"dashboard\", \"response_time\": 0.10353612899780273, \"status_code\": 500}"}
{"message": "{\"timestamp\": \"2025-05-04T02:31:58.779499\", \"view_name\": \"dashboard\", \"response_time\": 0.06596708297729492, \"status_code\": 500}"}
{"message": "{\"timestamp\": \"2025-05-04T02:34:12.845584\", \"view_name\": \"landing\", \"response_time\": 0.04529690742492676, \"status_code\": 200}"}
{"message": "{\"timestamp\": \"2025-05-04T02:35:00.083624\", \"view_name\": \"landing\", \"response_time\": 0.03894925117492676, \"status_code\": 200}"}
{"message": "{\"timestamp\": \"2025-05-04T02:35:03.942555\", \"view_name\": \"login\", \"response_time\": 0.0052449703216552734, \"status_code\": 200}"}
{"message": "{\"timestamp\": \"2025-05-04T02:35:09.123810\", \"view_name\": \"login\", \"response_time\": 0.9346742630004883, \"status_code\": 200}"}
{"message": "{\"timestamp\": \"2025-05-04T02:35:10.992006\", \"view_name\": \"signup\", \"response_time\": 0.05173683166503906, \"status_code\": 200}"}
{"message": "{\"timestamp\": \"2025-05-04T02:35:49.623178\", \"view_name\": \"signup\", \"response_time\": 0.4716823101043701, \"status_code\": 302}"}
{"message": "{\"timestamp\": \"2025-05-04T02:35:49.667531\", \"view_name\": \"dashboard\", \"response_time\": 0.024647951126098633, \"status_code\": 200}"}
{"message": "{\"timestamp\": \"2025-05-04T02:35:53.910166\", \"view_name\": \"statistics\", \"response_time\": 0.020276784896850586, \"status_code\": 200}"}
{"message": "{\"timestamp\": \"2025-05-04T02:35:57.247930\", \"view_name\": \"logs\", \"response_time\": 0.009678363800048828, \"status_code\": 200}"}
{"message": "{\"timestamp\": \"2025-05-04T02:35:58.700848\", \"view_name\": \"timelog-list\", \"response_time\": 0.007436990737915039, \"status_code\": 200}"}
{"message": "{\"timestamp\": \"2025-05-04T02:36:01.458815\", \"view_name\": \"landing\", \"response_time\": 0.0052225589752197266, \"status_code\": 302}"}
{"message": "{\"timestamp\": \"2025-05-04T02:44:41.483364\", \"view_name\": \"token_obtain_pair\", \"response_time\": 0.4935622215270996, \"status_code\": 200}"}
{"message": "{\"timestamp\": \"2025-05-04T02:44:41.544558\", \"view_name\": \"django.views.static.serve\", \"response_time\": 0.04214954376220703, \"status_code\": 404}"}
{"message": "{\"timestamp\": \"2025-05-04T02:44:43.607715\", \"view_name\": \"django.views.static.serve\", \"response_time\": 0.006543636322021484, \"status_code\": 404}"}
{"message": "{\"timestamp\": \"2025-05-04T02:44:50.669323\", \"view_name\": \"django.views.static.serve\", \"response_time\": 0.006426572799682617, \"status_code\": 404}"}
{"message": "{\"timestamp\": \"2025-05-04T02:44:55.691639\", \"view_name\": \"django.views.static.serve\", \"response_time\": 0.005362033843994141, \"status_code\": 404}"}
{"message": "{\"timestamp\": \"2025-05-04T02:45:00.676351\", \"view_name\": \"django.views.static.serve\", \"response_time\": 0.006760597229003906, \"status_code\": 404}"}
{"message": "{\"timestamp\": \"2025-05-04T02:45:05.685295\", \"view_name\": \"django.views.static.serve\", \"response_time\": 0.005125284194946289, \"status_code\": 404}"}
{"message": "{\"timestamp\": \"2025-05-04T02:45:10.683640\", \"view_name\": \"django.views.static.serve\", \"response_time\": 0.006541013717651367, \"status_code\": 404}"}
{"message": "{\"timestamp\": \"2025-05-04T02:45:15.681010\", \"view_name\": \"django.views.static.serve\", \"response_time\": 0.0052988529205322266, \"status_code\": 404}"}
